Arguments: 
  /Users/0xcen/.nvm/versions/node/v16.13.0/bin/node /Users/0xcen/.nvm/versions/node/v16.13.0/bin/yarn add prisma typescript tsnode @types/node -D

PATH: 
  /Users/0xcen/.pyenv/shims:/Users/0xcen/.nvm/versions/node/v16.13.0/bin:/Users/0xcen/bin:/usr/local/bin:/Users/0xcen/.local/share/solana/install/active_release/bin:/Library/Frameworks/Python.framework/Versions/3.10/bin:/opt/homebrew/bin:/opt/homebrew/sbin:/usr/local/bin:/usr/bin:/bin:/usr/sbin:/sbin:/Users/0xcen/.pyenv/shims/python:/Users/0xcen/.cargo/bin

Yarn version: 
  1.22.19

Node version: 
  16.13.0

Platform: 
  darwin arm64

Trace: 
  Error: https://registry.yarnpkg.com/tsnode: Not found
      at Request.params.callback [as _callback] (/Users/0xcen/.nvm/versions/node/v16.13.0/lib/node_modules/yarn/lib/cli.js:66145:18)
      at Request.self.callback (/Users/0xcen/.nvm/versions/node/v16.13.0/lib/node_modules/yarn/lib/cli.js:140890:22)
      at Request.emit (node:events:390:28)
      at Request.<anonymous> (/Users/0xcen/.nvm/versions/node/v16.13.0/lib/node_modules/yarn/lib/cli.js:141862:10)
      at Request.emit (node:events:390:28)
      at IncomingMessage.<anonymous> (/Users/0xcen/.nvm/versions/node/v16.13.0/lib/node_modules/yarn/lib/cli.js:141784:12)
      at Object.onceWrapper (node:events:509:28)
      at IncomingMessage.emit (node:events:402:35)
      at endReadableNT (node:internal/streams/readable:1343:12)
      at processTicksAndRejections (node:internal/process/task_queues:83:21)

npm manifest: 
  {
    "name": "server",
    "version": "1.0.0",
    "main": "index.js",
    "license": "MIT"
  }

yarn manifest: 
  No manifest

Lockfile: 
  No lockfile
